{
"/Users/dabramov/p/carpool/src/test_es6_file.js":{"path":"/Users/dabramov/p/carpool/src/test_es6_file.js","s":{"1":2,"2":2,"3":2,"4":2},"b":{},"f":{"1":2},"fnMap":{"1":{"name":"test","line":6,"loc":{"start":{"line":1,"column":-4},"end":{"line":1,"column":3}}}},"statementMap":{"1":{"start":{"line":0,"column":0},"end":{"line":0,"column":0},"skip":true},"2":{"start":{"line":1,"column":-15},"end":{"line":3,"column":2}},"3":{"start":{"line":2,"column":4},"end":{"line":2,"column":40}},"4":{"start":{"line":0,"column":0},"end":{"line":0,"column":0},"skip":true}},"branchMap":{},"l":{"0":2,"1":2,"2":2}}}
